# JRE version: Java(TM) SE Runtime Environment (8.0_66-b18) (build 1.8.0_66-b18)
# Java VM: Java HotSpot(TM) 64-Bit Server VM (25.66-b18 mixed mode windows-amd64 compressed oops)
Heap:
 PSYoungGen      total 136704K, used 20583K [0x00000000eab00000, 0x00000000f7c80000, 0x0000000100000000)
  eden space 129024K, 15% used [0x00000000eab00000,0x00000000ebf19c30,0x00000000f2900000)
  from space 7680K, 0% used [0x00000000f3580000,0x00000000f3580000,0x00000000f3d00000)
  to   space 12800K, 0% used [0x00000000f2900000,0x00000000f2900000,0x00000000f3580000)
 ParOldGen       total 89088K, used 14240K [0x00000000c0000000, 0x00000000c5700000, 0x00000000eab00000)
  object space 89088K, 15% used [0x00000000c0000000,0x00000000c0de80d0,0x00000000c5700000)
 Metaspace       used 37006K, capacity 37812K, committed 38192K, reserved 1081344K
  class space    used 5108K, capacity 5420K, committed 5424K, reserved 1048576K
GC Heap History (10 events):
Event: 4.126 GC heap before
{Heap before GC invocations=4 (full 1):
 PSYoungGen      total 76288K, used 6835K [0x00000000eab00000, 0x00000000f4000000, 0x0000000100000000)
  eden space 65536K, 0% used [0x00000000eab00000,0x00000000eab00000,0x00000000eeb00000)
  from space 10752K, 63% used [0x00000000eeb00000,0x00000000ef1ace88,0x00000000ef580000)
  to   space 10752K, 0% used [0x00000000f3580000,0x00000000f3580000,0x00000000f4000000)
 ParOldGen       total 175104K, used 1111K [0x00000000c0000000, 0x00000000cab00000, 0x00000000eab00000)
  object space 175104K, 0% used [0x00000000c0000000,0x00000000c0115d38,0x00000000cab00000)
 Metaspace       used 20739K, capacity 21188K, committed 21296K, reserved 1067008K
  class space    used 2945K, capacity 3099K, committed 3120K, reserved 1048576K
Event: 4.200 GC heap after
Heap after GC invocations=4 (full 1):
 PSYoungGen      total 76288K, used 0K [0x00000000eab00000, 0x00000000f4000000, 0x0000000100000000)
  eden space 65536K, 0% used [0x00000000eab00000,0x00000000eab00000,0x00000000eeb00000)
  from space 10752K, 0% used [0x00000000eeb00000,0x00000000eeb00000,0x00000000ef580000)
  to   space 10752K, 0% used [0x00000000f3580000,0x00000000f3580000,0x00000000f4000000)
 ParOldGen       total 89088K, used 6752K [0x00000000c0000000, 0x00000000c5700000, 0x00000000eab00000)
  object space 89088K, 7% used [0x00000000c0000000,0x00000000c06980b0,0x00000000c5700000)
 Metaspace       used 20739K, capacity 21188K, committed 21296K, reserved 1067008K
  class space    used 2945K, capacity 3099K, committed 3120K, reserved 1048576K
}
Event: 5.158 GC heap before
{Heap before GC invocations=5 (full 1):
 PSYoungGen      total 76288K, used 65536K [0x00000000eab00000, 0x00000000f4000000, 0x0000000100000000)
  eden space 65536K, 100% used [0x00000000eab00000,0x00000000eeb00000,0x00000000eeb00000)
  from space 10752K, 0% used [0x00000000eeb00000,0x00000000eeb00000,0x00000000ef580000)
  to   space 10752K, 0% used [0x00000000f3580000,0x00000000f3580000,0x00000000f4000000)
 ParOldGen       total 89088K, used 6752K [0x00000000c0000000, 0x00000000c5700000, 0x00000000eab00000)
  object space 89088K, 7% used [0x00000000c0000000,0x00000000c06980b0,0x00000000c5700000)
 Metaspace       used 25840K, capacity 26396K, committed 26672K, reserved 1073152K
  class space    used 3617K, capacity 3823K, committed 3888K, reserved 1048576K
Event: 5.182 GC heap after
Heap after GC invocations=5 (full 1):
 PSYoungGen      total 121856K, used 7289K [0x00000000eab00000, 0x00000000f3d00000, 0x0000000100000000)
  eden space 114176K, 0% used [0x00000000eab00000,0x00000000eab00000,0x00000000f1a80000)
  from space 7680K, 94% used [0x00000000f3580000,0x00000000f3c9e5c0,0x00000000f3d00000)
  to   space 10752K, 0% used [0x00000000f2800000,0x00000000f2800000,0x00000000f3280000)
 ParOldGen       total 89088K, used 6760K [0x00000000c0000000, 0x00000000c5700000, 0x00000000eab00000)
  object space 89088K, 7% used [0x00000000c0000000,0x00000000c069a0b0,0x00000000c5700000)
 Metaspace       used 25840K, capacity 26396K, committed 26672K, reserved 1073152K
  class space    used 3617K, capacity 3823K, committed 3888K, reserved 1048576K
}
Event: 10.243 GC heap before
{Heap before GC invocations=6 (full 1):
 PSYoungGen      total 121856K, used 121465K [0x00000000eab00000, 0x00000000f3d00000, 0x0000000100000000)
  eden space 114176K, 100% used [0x00000000eab00000,0x00000000f1a80000,0x00000000f1a80000)
  from space 7680K, 94% used [0x00000000f3580000,0x00000000f3c9e5c0,0x00000000f3d00000)
  to   space 10752K, 0% used [0x00000000f2800000,0x00000000f2800000,0x00000000f3280000)
 ParOldGen       total 89088K, used 6760K [0x00000000c0000000, 0x00000000c5700000, 0x00000000eab00000)
  object space 89088K, 7% used [0x00000000c0000000,0x00000000c069a0b0,0x00000000c5700000)
 Metaspace       used 32136K, capacity 32834K, committed 33200K, reserved 1077248K
  class space    used 4469K, capacity 4692K, committed 4784K, reserved 1048576K
Event: 10.268 GC heap after
Heap after GC invocations=6 (full 1):
 PSYoungGen      total 124928K, used 10720K [0x00000000eab00000, 0x00000000f3d00000, 0x0000000100000000)
  eden space 114176K, 0% used [0x00000000eab00000,0x00000000eab00000,0x00000000f1a80000)
  from space 10752K, 99% used [0x00000000f2800000,0x00000000f3278160,0x00000000f3280000)
  to   space 7680K, 0% used [0x00000000f3580000,0x00000000f3580000,0x00000000f3d00000)
 ParOldGen       total 89088K, used 6964K [0x00000000c0000000, 0x00000000c5700000, 0x00000000eab00000)
  object space 89088K, 7% used [0x00000000c0000000,0x00000000c06cd0b8,0x00000000c5700000)
 Metaspace       used 32136K, capacity 32834K, committed 33200K, reserved 1077248K
  class space    used 4469K, capacity 4692K, committed 4784K, reserved 1048576K
}
Event: 10.663 GC heap before
{Heap before GC invocations=7 (full 1):
 PSYoungGen      total 124928K, used 21892K [0x00000000eab00000, 0x00000000f3d00000, 0x0000000100000000)
  eden space 114176K, 9% used [0x00000000eab00000,0x00000000eb5e8f58,0x00000000f1a80000)
  from space 10752K, 99% used [0x00000000f2800000,0x00000000f3278160,0x00000000f3280000)
  to   space 7680K, 0% used [0x00000000f3580000,0x00000000f3580000,0x00000000f3d00000)
 ParOldGen       total 89088K, used 6964K [0x00000000c0000000, 0x00000000c5700000, 0x00000000eab00000)
  object space 89088K, 7% used [0x00000000c0000000,0x00000000c06cd0b8,0x00000000c5700000)
 Metaspace       used 34459K, capacity 35274K, committed 35496K, reserved 1079296K
  class space    used 4795K, capacity 5085K, committed 5168K, reserved 1048576K
Event: 10.672 GC heap after
Heap after GC invocations=7 (full 1):
 PSYoungGen      total 136704K, used 7659K [0x00000000eab00000, 0x00000000f7c80000, 0x0000000100000000)
  eden space 129024K, 0% used [0x00000000eab00000,0x00000000eab00000,0x00000000f2900000)
  from space 7680K, 99% used [0x00000000f3580000,0x00000000f3cfac28,0x00000000f3d00000)
  to   space 12800K, 0% used [0x00000000f2900000,0x00000000f2900000,0x00000000f3580000)
 ParOldGen       total 89088K, used 7547K [0x00000000c0000000, 0x00000000c5700000, 0x00000000eab00000)
  object space 89088K, 8% used [0x00000000c0000000,0x00000000c075eec0,0x00000000c5700000)
 Metaspace       used 34459K, capacity 35274K, committed 35496K, reserved 1079296K
  class space    used 4795K, capacity 5085K, committed 5168K, reserved 1048576K
}
Event: 10.672 GC heap before
{Heap before GC invocations=8 (full 2):
 PSYoungGen      total 136704K, used 7659K [0x00000000eab00000, 0x00000000f7c80000, 0x0000000100000000)
  eden space 129024K, 0% used [0x00000000eab00000,0x00000000eab00000,0x00000000f2900000)
  from space 7680K, 99% used [0x00000000f3580000,0x00000000f3cfac28,0x00000000f3d00000)
  to   space 12800K, 0% used [0x00000000f2900000,0x00000000f2900000,0x00000000f3580000)
 ParOldGen       total 89088K, used 7547K [0x00000000c0000000, 0x00000000c5700000, 0x00000000eab00000)
  object space 89088K, 8% used [0x00000000c0000000,0x00000000c075eec0,0x00000000c5700000)
 Metaspace       used 34459K, capacity 35274K, committed 35496K, reserved 1079296K
  class space    used 4795K, capacity 5085K, committed 5168K, reserved 1048576K
Event: 10.755 GC heap after
Heap after GC invocations=8 (full 2):
 PSYoungGen      total 136704K, used 0K [0x00000000eab00000, 0x00000000f7c80000, 0x0000000100000000)
  eden space 129024K, 0% used [0x00000000eab00000,0x00000000eab00000,0x00000000f2900000)
  from space 7680K, 0% used [0x00000000f3580000,0x00000000f3580000,0x00000000f3d00000)
  to   space 12800K, 0% used [0x00000000f2900000,0x00000000f2900000,0x00000000f3580000)
 ParOldGen       total 89088K, used 14240K [0x00000000c0000000, 0x00000000c5700000, 0x00000000eab00000)
  object space 89088K, 15% used [0x00000000c0000000,0x00000000c0de80d0,0x00000000c5700000)
 Metaspace       used 34459K, capacity 35274K, committed 35496K, reserved 1079296K
  class space    used 4795K, capacity 5085K, committed 5168K, reserved 1048576K
}

